<?xml version="1.0" encoding="UTF-8"?>
<!-- Generated by org.testng.reporters.JUnitXMLReporter -->
<testsuite hostname="DESKTOP-A43KGCR" ignored="3" name="Default test" tests="1" failures="0" timestamp="2020-12-19T13:37:27 EST" time="16.552" errors="0">
  <testcase name="InValidPasswordTest" time="1.349" classname="com.givelify.test.SignInTest"/>
  <testcase name="UnRegisteredEmailSignInTest" time="0.0" classname="com.givelify.test.SignInTest">
    <ignored/>
  </testcase> <!-- UnRegisteredEmailSignInTest -->
  <testcase name="singInButtonStatus" time="0.0" classname="com.givelify.test.SignInTest">
    <ignored/>
  </testcase> <!-- singInButtonStatus -->
  <testcase name="ValidSignInTest" time="0.0" classname="com.givelify.test.SignInTest">
    <ignored/>
  </testcase> <!-- ValidSignInTest -->
</testsuite> <!-- Default test -->
