<?xml version="1.0" encoding="UTF-8"?>
<!-- Generated by org.testng.reporters.JUnitXMLReporter -->
<testsuite hostname="DESKTOP-A43KGCR" ignored="0" name="Default test" tests="7" failures="0" timestamp="2020-12-17T00:19:10 EST" time="84.378" errors="0">
  <testcase name="ValidsingInTest" time="6.298" classname="com.givelify.base.LoginTest"/>
  <testcase name="UnRegisteredEmailSignInTest" time="1.741" classname="com.givelify.base.LoginTest"/>
  <testcase name="InValidEmailsingInTest" time="4.404" classname="com.givelify.base.LoginTest"/>
  <testcase name="singInButtonStatus" time="0.054" classname="com.givelify.base.LoginTest"/>
  <testcase name="validateForgotPwd" time="3.525" classname="com.givelify.base.LoginTest"/>
  <testcase name="validateForgotPwdinvalidEmail" time="1.147" classname="com.givelify.base.LoginTest"/>
  <testcase name="validateForgotPwdinvalidtext" time="2.698" classname="com.givelify.base.LoginTest"/>
</testsuite> <!-- Default test -->
