<?xml version="1.0" encoding="UTF-8"?>
<!-- Generated by org.testng.reporters.JUnitXMLReporter -->
<testsuite hostname="DESKTOP-A43KGCR" ignored="0" name="ForgotEmailTest" tests="2" failures="0" timestamp="2020-12-19T12:31:52 EST" time="13.162" errors="0">
  <testcase name="validEmailForgotTest" time="1.051" classname="com.givelify.test.ForgotPasswordTest"/>
  <testcase name="InValidEmailForgotTest" time="1.122" classname="com.givelify.test.ForgotPasswordTest"/>
</testsuite> <!-- ForgotEmailTest -->
