<?xml version="1.0" encoding="UTF-8"?>
<testng-results skipped="0" failed="0" ignored="0" total="2" passed="2">
  <reporter-output>
  </reporter-output>
  <suite name="Suite" duration-ms="12022" started-at="2020-12-19T13:45:28 EST" finished-at="2020-12-19T13:45:40 EST">
    <groups>
    </groups>
    <test name="Test" duration-ms="12022" started-at="2020-12-19T13:45:28 EST" finished-at="2020-12-19T13:45:40 EST">
      <class name="com.givelify.test.ForgotPasswordTest">
        <test-method status="PASS" signature="openBrowser()[pri:0, instance:com.givelify.test.ForgotPasswordTest@11438d26]" name="openBrowser" is-config="true" duration-ms="10033" started-at="2020-12-19T13:45:28 EST" finished-at="2020-12-19T13:45:38 EST">
          <reporter-output>
          </reporter-output>
        </test-method> <!-- openBrowser -->
        <test-method status="PASS" signature="validEmailForgotTest()[pri:1, instance:com.givelify.test.ForgotPasswordTest@11438d26]" name="validEmailForgotTest" duration-ms="987" started-at="2020-12-19T13:45:38 EST" finished-at="2020-12-19T13:45:39 EST">
          <reporter-output>
          </reporter-output>
        </test-method> <!-- validEmailForgotTest -->
        <test-method status="PASS" signature="InValidEmailForgotTest()[pri:2, instance:com.givelify.test.ForgotPasswordTest@11438d26]" name="InValidEmailForgotTest" duration-ms="964" started-at="2020-12-19T13:45:39 EST" finished-at="2020-12-19T13:45:40 EST">
          <reporter-output>
          </reporter-output>
        </test-method> <!-- InValidEmailForgotTest -->
      </class> <!-- com.givelify.test.ForgotPasswordTest -->
    </test> <!-- Test -->
  </suite> <!-- Suite -->
</testng-results>
