<?xml version="1.0" encoding="UTF-8"?>
<!-- Generated by org.testng.reporters.JUnitReportReporter -->
<testsuite skipped="0" hostname="DESKTOP-A43KGCR" name="com.givelify.test.ForgotPasswordTest" tests="2" failures="0" timestamp="2020-12-19T13:45:40 EST" time="1.951" errors="0">
  <testcase name="validEmailForgotTest" time="0.987" classname="com.givelify.test.ForgotPasswordTest"/>
  <system-out/>
  <testcase name="InValidEmailForgotTest" time="0.964" classname="com.givelify.test.ForgotPasswordTest"/>
  <system-out/>
</testsuite> <!-- com.givelify.test.ForgotPasswordTest -->
