<?xml version="1.0" encoding="UTF-8"?>
<!-- Generated by org.testng.reporters.JUnitReportReporter -->
<testsuite skipped="0" hostname="DESKTOP-A43KGCR" name="com.givelify.test.SignInTest" tests="4" failures="0" timestamp="2020-12-19T13:44:35 EST" time="18.576" errors="0">
  <testcase name="ValidSignInTest" time="8.918" classname="com.givelify.test.SignInTest"/>
  <system-out/>
  <testcase name="InValidPasswordTest" time="1.225" classname="com.givelify.test.SignInTest"/>
  <system-out/>
  <testcase name="UnRegisteredEmailSignInTest" time="0.823" classname="com.givelify.test.SignInTest"/>
  <system-out/>
  <testcase name="singInButtonStatus" time="7.610" classname="com.givelify.test.SignInTest"/>
  <system-out/>
</testsuite> <!-- com.givelify.test.SignInTest -->
