<?xml version="1.0" encoding="UTF-8"?>
<!-- Generated by org.testng.reporters.JUnitReportReporter -->
<testsuite skipped="0" hostname="DESKTOP-A43KGCR" name="com.givelify.base.LoginTest" tests="7" failures="0" timestamp="2020-12-17T00:19:10 EST" time="84.317" errors="0">
  <testcase name="ValidsingInTest" time="15.414" classname="com.givelify.base.LoginTest"/>
  <system-out/>
  <testcase name="UnRegisteredEmailSignInTest" time="10.782" classname="com.givelify.base.LoginTest"/>
  <system-out/>
  <testcase name="InValidEmailsingInTest" time="13.658" classname="com.givelify.base.LoginTest"/>
  <system-out/>
  <testcase name="singInButtonStatus" time="8.990" classname="com.givelify.base.LoginTest"/>
  <system-out/>
  <testcase name="validateForgotPwd" time="12.427" classname="com.givelify.base.LoginTest"/>
  <system-out/>
  <testcase name="validateForgotPwdinvalidEmail" time="11.760" classname="com.givelify.base.LoginTest"/>
  <system-out/>
  <testcase name="validateForgotPwdinvalidtext" time="11.286" classname="com.givelify.base.LoginTest"/>
  <system-out/>
</testsuite> <!-- com.givelify.base.LoginTest -->
